2017-09-19 09:12:42,302 INFO (StartupInfoLogger.java:48)- Starting ModelApplication on 2013-20150326TN with PID 11596 (F:\sjx\workspace\xhw\model\model\target\classes started by Administrator in F:\sjx\workspace\xhw\model\model)
2017-09-19 09:12:42,305 DEBUG (StartupInfoLogger.java:51)- Running with Spring Boot v1.5.6.RELEASE, Spring v4.3.10.RELEASE
2017-09-19 09:12:42,305 INFO (SpringApplication.java:593)- No active profile set, falling back to default profiles: default
2017-09-19 09:12:47,173 INFO (StartupInfoLogger.java:57)- Started ModelApplication in 5.327 seconds (JVM running for 6.457)
2017-09-19 09:19:15,589 INFO (StartupInfoLogger.java:48)- Starting ModelApplication on 2013-20150326TN with PID 9264 (F:\sjx\workspace\xhw\model\model\target\classes started by Administrator in F:\sjx\workspace\xhw\model\model)
2017-09-19 09:19:15,593 DEBUG (StartupInfoLogger.java:51)- Running with Spring Boot v1.5.6.RELEASE, Spring v4.3.10.RELEASE
2017-09-19 09:19:15,593 INFO (SpringApplication.java:593)- No active profile set, falling back to default profiles: default
2017-09-19 09:19:55,644 INFO (StartupInfoLogger.java:57)- Started ModelApplication in 40.26 seconds (JVM running for 40.721)
2017-09-19 09:22:08,166 INFO (StartupInfoLogger.java:48)- Starting ModelApplication on 2013-20150326TN with PID 2652 (F:\sjx\workspace\xhw\model\model\target\classes started by Administrator in F:\sjx\workspace\xhw\model\model)
2017-09-19 09:22:08,170 DEBUG (StartupInfoLogger.java:51)- Running with Spring Boot v1.5.6.RELEASE, Spring v4.3.10.RELEASE
2017-09-19 09:22:08,170 INFO (SpringApplication.java:593)- No active profile set, falling back to default profiles: default
2017-09-19 09:23:09,906 INFO (StartupInfoLogger.java:57)- Started ModelApplication in 61.94 seconds (JVM running for 62.382)
2017-09-19 10:21:05,252 INFO (StartupInfoLogger.java:48)- Starting ModelApplication on 2013-20150326TN with PID 12256 (F:\sjx\workspace\xhw\model\model\target\classes started by Administrator in F:\sjx\workspace\xhw\model\model)
2017-09-19 10:21:05,271 DEBUG (StartupInfoLogger.java:51)- Running with Spring Boot v1.5.6.RELEASE, Spring v4.3.10.RELEASE
2017-09-19 10:21:05,272 INFO (SpringApplication.java:593)- No active profile set, falling back to default profiles: default
2017-09-19 10:21:09,297 INFO (StartupInfoLogger.java:57)- Started ModelApplication in 4.345 seconds (JVM running for 4.838)
2017-09-19 10:22:36,665 INFO (StartupInfoLogger.java:48)- Starting ModelApplication on 2013-20150326TN with PID 6372 (F:\sjx\workspace\xhw\model\model\target\classes started by Administrator in F:\sjx\workspace\xhw\model\model)
2017-09-19 10:22:36,667 DEBUG (StartupInfoLogger.java:51)- Running with Spring Boot v1.5.6.RELEASE, Spring v4.3.10.RELEASE
2017-09-19 10:22:36,667 INFO (SpringApplication.java:593)- No active profile set, falling back to default profiles: default
2017-09-19 10:22:39,713 INFO (StartupInfoLogger.java:57)- Started ModelApplication in 3.23 seconds (JVM running for 3.504)
2017-09-19 10:24:26,426 INFO (StartupInfoLogger.java:48)- Starting ModelApplication on 2013-20150326TN with PID 11392 (F:\sjx\workspace\xhw\model\model\target\classes started by Administrator in F:\sjx\workspace\xhw\model\model)
2017-09-19 10:24:26,427 DEBUG (StartupInfoLogger.java:51)- Running with Spring Boot v1.5.6.RELEASE, Spring v4.3.10.RELEASE
2017-09-19 10:24:26,428 INFO (SpringApplication.java:593)- No active profile set, falling back to default profiles: default
2017-09-19 10:24:29,435 INFO (StartupInfoLogger.java:57)- Started ModelApplication in 3.202 seconds (JVM running for 3.476)
2017-09-19 10:26:01,594 INFO (StartupInfoLogger.java:48)- Starting ModelApplication on 2013-20150326TN with PID 5092 (F:\sjx\workspace\xhw\model\model\target\classes started by Administrator in F:\sjx\workspace\xhw\model\model)
2017-09-19 10:26:01,596 DEBUG (StartupInfoLogger.java:51)- Running with Spring Boot v1.5.6.RELEASE, Spring v4.3.10.RELEASE
2017-09-19 10:26:01,596 INFO (SpringApplication.java:593)- No active profile set, falling back to default profiles: default
2017-09-19 10:26:04,578 INFO (StartupInfoLogger.java:57)- Started ModelApplication in 3.167 seconds (JVM running for 3.445)
2017-09-19 10:27:45,620 INFO (StartupInfoLogger.java:48)- Starting ModelApplication on 2013-20150326TN with PID 14800 (F:\sjx\workspace\xhw\model\model\target\classes started by Administrator in F:\sjx\workspace\xhw\model\model)
2017-09-19 10:27:45,622 DEBUG (StartupInfoLogger.java:51)- Running with Spring Boot v1.5.6.RELEASE, Spring v4.3.10.RELEASE
2017-09-19 10:27:45,622 INFO (SpringApplication.java:593)- No active profile set, falling back to default profiles: default
2017-09-19 10:27:48,720 INFO (StartupInfoLogger.java:57)- Started ModelApplication in 3.288 seconds (JVM running for 3.569)
2017-09-19 10:28:43,324 INFO (StartupInfoLogger.java:48)- Starting ModelApplication on 2013-20150326TN with PID 12468 (F:\sjx\workspace\xhw\model\model\target\classes started by Administrator in F:\sjx\workspace\xhw\model\model)
2017-09-19 10:28:43,325 DEBUG (StartupInfoLogger.java:51)- Running with Spring Boot v1.5.6.RELEASE, Spring v4.3.10.RELEASE
2017-09-19 10:28:43,326 INFO (SpringApplication.java:593)- No active profile set, falling back to default profiles: default
2017-09-19 10:28:46,479 INFO (StartupInfoLogger.java:57)- Started ModelApplication in 3.35 seconds (JVM running for 3.627)
2017-09-19 10:34:09,479 INFO (StartupInfoLogger.java:48)- Starting ModelApplication on 2013-20150326TN with PID 15928 (F:\sjx\workspace\xhw\model\model\target\classes started by Administrator in F:\sjx\workspace\xhw\model\model)
2017-09-19 10:34:09,480 DEBUG (StartupInfoLogger.java:51)- Running with Spring Boot v1.5.6.RELEASE, Spring v4.3.10.RELEASE
2017-09-19 10:34:09,481 INFO (SpringApplication.java:593)- No active profile set, falling back to default profiles: default
2017-09-19 10:34:12,440 INFO (StartupInfoLogger.java:57)- Started ModelApplication in 3.152 seconds (JVM running for 3.432)
2017-09-19 10:36:06,334 INFO (StartupInfoLogger.java:48)- Starting ModelApplication on 2013-20150326TN with PID 7528 (F:\sjx\workspace\xhw\model\model\target\classes started by Administrator in F:\sjx\workspace\xhw\model\model)
2017-09-19 10:36:06,336 DEBUG (StartupInfoLogger.java:51)- Running with Spring Boot v1.5.6.RELEASE, Spring v4.3.10.RELEASE
2017-09-19 10:36:06,336 INFO (SpringApplication.java:593)- No active profile set, falling back to default profiles: default
2017-09-19 10:36:09,400 INFO (StartupInfoLogger.java:57)- Started ModelApplication in 3.261 seconds (JVM running for 3.54)
2017-09-19 10:38:47,134 INFO (StartupInfoLogger.java:48)- Starting ModelApplication on 2013-20150326TN with PID 16484 (F:\sjx\workspace\xhw\model\model\target\classes started by Administrator in F:\sjx\workspace\xhw\model\model)
2017-09-19 10:38:47,137 DEBUG (StartupInfoLogger.java:51)- Running with Spring Boot v1.5.6.RELEASE, Spring v4.3.10.RELEASE
2017-09-19 10:38:47,137 INFO (SpringApplication.java:593)- No active profile set, falling back to default profiles: default
2017-09-19 10:38:50,733 INFO (StartupInfoLogger.java:57)- Started ModelApplication in 3.797 seconds (JVM running for 4.293)
2017-09-19 10:49:57,329 INFO (StartupInfoLogger.java:48)- Starting ModelApplication on 2013-20150326TN with PID 2840 (F:\sjx\workspace\xhw\model\model\target\classes started by Administrator in F:\sjx\workspace\xhw\model\model)
2017-09-19 10:49:57,331 DEBUG (StartupInfoLogger.java:51)- Running with Spring Boot v1.5.6.RELEASE, Spring v4.3.10.RELEASE
2017-09-19 10:49:57,331 INFO (SpringApplication.java:593)- No active profile set, falling back to default profiles: default
2017-09-19 10:51:15,967 INFO (StartupInfoLogger.java:48)- Starting ModelApplication on 2013-20150326TN with PID 10216 (F:\sjx\workspace\xhw\model\model\target\classes started by Administrator in F:\sjx\workspace\xhw\model\model)
2017-09-19 10:51:15,969 DEBUG (StartupInfoLogger.java:51)- Running with Spring Boot v1.5.6.RELEASE, Spring v4.3.10.RELEASE
2017-09-19 10:51:15,969 INFO (SpringApplication.java:593)- No active profile set, falling back to default profiles: default
2017-09-19 10:54:10,342 INFO (StartupInfoLogger.java:48)- Starting ModelApplication on 2013-20150326TN with PID 16884 (F:\sjx\workspace\xhw\model\model\target\classes started by Administrator in F:\sjx\workspace\xhw\model\model)
2017-09-19 10:54:10,344 DEBUG (StartupInfoLogger.java:51)- Running with Spring Boot v1.5.6.RELEASE, Spring v4.3.10.RELEASE
2017-09-19 10:54:10,344 INFO (SpringApplication.java:593)- No active profile set, falling back to default profiles: default
2017-09-19 10:56:54,601 INFO (StartupInfoLogger.java:48)- Starting ModelApplication on 2013-20150326TN with PID 15224 (F:\sjx\workspace\xhw\model\model\target\classes started by Administrator in F:\sjx\workspace\xhw\model\model)
2017-09-19 10:56:54,603 DEBUG (StartupInfoLogger.java:51)- Running with Spring Boot v1.5.6.RELEASE, Spring v4.3.10.RELEASE
2017-09-19 10:56:54,603 INFO (SpringApplication.java:593)- No active profile set, falling back to default profiles: default
2017-09-19 10:58:15,006 INFO (StartupInfoLogger.java:48)- Starting ModelApplication on 2013-20150326TN with PID 3836 (F:\sjx\workspace\xhw\model\model\target\classes started by Administrator in F:\sjx\workspace\xhw\model\model)
2017-09-19 10:58:15,008 DEBUG (StartupInfoLogger.java:51)- Running with Spring Boot v1.5.6.RELEASE, Spring v4.3.10.RELEASE
2017-09-19 10:58:15,008 INFO (SpringApplication.java:593)- No active profile set, falling back to default profiles: default
2017-09-19 11:01:14,508 INFO (StartupInfoLogger.java:48)- Starting ModelApplication on 2013-20150326TN with PID 5836 (F:\sjx\workspace\xhw\model\model\target\classes started by Administrator in F:\sjx\workspace\xhw\model\model)
2017-09-19 11:01:14,509 DEBUG (StartupInfoLogger.java:51)- Running with Spring Boot v1.5.6.RELEASE, Spring v4.3.10.RELEASE
2017-09-19 11:01:14,510 INFO (SpringApplication.java:593)- No active profile set, falling back to default profiles: default
2017-09-19 11:06:34,415 INFO (StartupInfoLogger.java:48)- Starting ModelApplication on 2013-20150326TN with PID 17736 (F:\sjx\workspace\xhw\model\model\target\classes started by Administrator in F:\sjx\workspace\xhw\model\model)
2017-09-19 11:06:34,416 DEBUG (StartupInfoLogger.java:51)- Running with Spring Boot v1.5.6.RELEASE, Spring v4.3.10.RELEASE
2017-09-19 11:06:34,417 INFO (SpringApplication.java:593)- No active profile set, falling back to default profiles: default
2017-09-19 11:08:00,409 INFO (StartupInfoLogger.java:48)- Starting ModelApplication on 2013-20150326TN with PID 9496 (F:\sjx\workspace\xhw\model\model\target\classes started by Administrator in F:\sjx\workspace\xhw\model\model)
2017-09-19 11:08:00,411 DEBUG (StartupInfoLogger.java:51)- Running with Spring Boot v1.5.6.RELEASE, Spring v4.3.10.RELEASE
2017-09-19 11:08:00,411 INFO (SpringApplication.java:593)- No active profile set, falling back to default profiles: default
2017-09-19 11:09:43,450 INFO (StartupInfoLogger.java:48)- Starting ModelApplication on 2013-20150326TN with PID 8716 (F:\sjx\workspace\xhw\model\model\target\classes started by Administrator in F:\sjx\workspace\xhw\model\model)
2017-09-19 11:09:43,451 DEBUG (StartupInfoLogger.java:51)- Running with Spring Boot v1.5.6.RELEASE, Spring v4.3.10.RELEASE
2017-09-19 11:09:43,451 INFO (SpringApplication.java:593)- No active profile set, falling back to default profiles: default
2017-09-19 11:14:32,278 INFO (StartupInfoLogger.java:48)- Starting ModelApplication on 2013-20150326TN with PID 6544 (F:\sjx\workspace\xhw\model\model\target\classes started by Administrator in F:\sjx\workspace\xhw\model\model)
2017-09-19 11:14:32,279 DEBUG (StartupInfoLogger.java:51)- Running with Spring Boot v1.5.6.RELEASE, Spring v4.3.10.RELEASE
2017-09-19 11:14:32,280 INFO (SpringApplication.java:593)- No active profile set, falling back to default profiles: default
2017-09-19 11:15:50,590 INFO (StartupInfoLogger.java:48)- Starting ModelApplication on 2013-20150326TN with PID 6680 (F:\sjx\workspace\xhw\model\model\target\classes started by Administrator in F:\sjx\workspace\xhw\model\model)
2017-09-19 11:15:50,592 DEBUG (StartupInfoLogger.java:51)- Running with Spring Boot v1.5.6.RELEASE, Spring v4.3.10.RELEASE
2017-09-19 11:15:50,592 INFO (SpringApplication.java:593)- No active profile set, falling back to default profiles: default
2017-09-19 11:17:19,280 INFO (StartupInfoLogger.java:48)- Starting ModelApplication on 2013-20150326TN with PID 11884 (F:\sjx\workspace\xhw\model\model\target\classes started by Administrator in F:\sjx\workspace\xhw\model\model)
2017-09-19 11:17:19,284 DEBUG (StartupInfoLogger.java:51)- Running with Spring Boot v1.5.6.RELEASE, Spring v4.3.10.RELEASE
2017-09-19 11:17:19,284 INFO (SpringApplication.java:593)- No active profile set, falling back to default profiles: default
2017-09-19 11:19:06,384 INFO (StartupInfoLogger.java:48)- Starting ModelApplication on 2013-20150326TN with PID 13068 (F:\sjx\workspace\xhw\model\model\target\classes started by Administrator in F:\sjx\workspace\xhw\model\model)
2017-09-19 11:19:06,388 DEBUG (StartupInfoLogger.java:51)- Running with Spring Boot v1.5.6.RELEASE, Spring v4.3.10.RELEASE
2017-09-19 11:19:06,388 INFO (SpringApplication.java:593)- No active profile set, falling back to default profiles: default
2017-09-19 11:21:10,105 INFO (StartupInfoLogger.java:48)- Starting ModelApplication on 2013-20150326TN with PID 11812 (F:\sjx\workspace\xhw\model\model\target\classes started by Administrator in F:\sjx\workspace\xhw\model\model)
2017-09-19 11:21:10,109 DEBUG (StartupInfoLogger.java:51)- Running with Spring Boot v1.5.6.RELEASE, Spring v4.3.10.RELEASE
2017-09-19 11:21:10,109 INFO (SpringApplication.java:593)- No active profile set, falling back to default profiles: default
2017-09-19 11:24:10,914 INFO (StartupInfoLogger.java:48)- Starting ModelApplication on 2013-20150326TN with PID 1372 (F:\sjx\workspace\xhw\model\model\target\classes started by Administrator in F:\sjx\workspace\xhw\model\model)
2017-09-19 11:24:10,916 DEBUG (StartupInfoLogger.java:51)- Running with Spring Boot v1.5.6.RELEASE, Spring v4.3.10.RELEASE
2017-09-19 11:24:10,916 INFO (SpringApplication.java:593)- No active profile set, falling back to default profiles: default
2017-09-19 11:27:04,530 INFO (StartupInfoLogger.java:48)- Starting ModelApplication on 2013-20150326TN with PID 252 (F:\sjx\workspace\xhw\model\model\target\classes started by Administrator in F:\sjx\workspace\xhw\model\model)
2017-09-19 11:27:04,532 DEBUG (StartupInfoLogger.java:51)- Running with Spring Boot v1.5.6.RELEASE, Spring v4.3.10.RELEASE
2017-09-19 11:27:04,532 INFO (SpringApplication.java:593)- No active profile set, falling back to default profiles: default
2017-09-19 11:27:07,498 INFO (StartupInfoLogger.java:57)- Started ModelApplication in 3.165 seconds (JVM running for 3.443)
2017-09-19 11:27:40,197 DEBUG (BaseJdbcLogger.java:159)- ==>  Preparing: SELECT u.*,r.*,m.* FROM user u inner join user_role ur on ur.uid=u.uid inner join role r on r.rid=ur.rid inner join module_role mr on mr.rid=r.rid inner join module m on mr.mid=m.mid WHERE username=?; 
2017-09-19 11:27:40,298 DEBUG (BaseJdbcLogger.java:159)- ==> Parameters: 123(String)
2017-09-19 11:27:40,315 DEBUG (BaseJdbcLogger.java:159)- <==      Total: 0
2017-09-19 11:27:49,897 DEBUG (BaseJdbcLogger.java:159)- ==>  Preparing: SELECT u.*,r.*,m.* FROM user u inner join user_role ur on ur.uid=u.uid inner join role r on r.rid=ur.rid inner join module_role mr on mr.rid=r.rid inner join module m on mr.mid=m.mid WHERE username=?; 
2017-09-19 11:27:49,897 DEBUG (BaseJdbcLogger.java:159)- ==> Parameters: admin(String)
2017-09-19 11:27:49,901 DEBUG (BaseJdbcLogger.java:159)- <==      Total: 4
2017-09-19 11:27:55,192 DEBUG (BaseJdbcLogger.java:159)- ==>  Preparing: SELECT u.*,r.*,m.* FROM user u inner join user_role ur on ur.uid=u.uid inner join role r on r.rid=ur.rid inner join module_role mr on mr.rid=r.rid inner join module m on mr.mid=m.mid WHERE username=?; 
2017-09-19 11:27:55,193 DEBUG (BaseJdbcLogger.java:159)- ==> Parameters: admin(String)
2017-09-19 11:27:55,195 DEBUG (BaseJdbcLogger.java:159)- <==      Total: 4
2017-09-19 11:28:02,242 DEBUG (BaseJdbcLogger.java:159)- ==>  Preparing: SELECT u.*,r.*,m.* FROM user u inner join user_role ur on ur.uid=u.uid inner join role r on r.rid=ur.rid inner join module_role mr on mr.rid=r.rid inner join module m on mr.mid=m.mid WHERE username=?; 
2017-09-19 11:28:02,242 DEBUG (BaseJdbcLogger.java:159)- ==> Parameters: 123(String)
2017-09-19 11:28:02,243 DEBUG (BaseJdbcLogger.java:159)- <==      Total: 0
2017-09-19 11:29:00,052 INFO (StartupInfoLogger.java:48)- Starting ModelApplication on 2013-20150326TN with PID 3968 (F:\sjx\workspace\xhw\model\model\target\classes started by Administrator in F:\sjx\workspace\xhw\model\model)
2017-09-19 11:29:00,054 DEBUG (StartupInfoLogger.java:51)- Running with Spring Boot v1.5.6.RELEASE, Spring v4.3.10.RELEASE
2017-09-19 11:29:00,054 INFO (SpringApplication.java:593)- No active profile set, falling back to default profiles: default
2017-09-19 11:29:03,111 INFO (StartupInfoLogger.java:57)- Started ModelApplication in 3.246 seconds (JVM running for 3.527)
2017-09-19 11:29:11,688 DEBUG (BaseJdbcLogger.java:159)- ==>  Preparing: SELECT u.*,r.*,m.* FROM user u inner join user_role ur on ur.uid=u.uid inner join role r on r.rid=ur.rid inner join module_role mr on mr.rid=r.rid inner join module m on mr.mid=m.mid WHERE username=?; 
2017-09-19 11:29:11,773 DEBUG (BaseJdbcLogger.java:159)- ==> Parameters: 123(String)
2017-09-19 11:29:11,786 DEBUG (BaseJdbcLogger.java:159)- <==      Total: 0
2017-09-19 11:29:35,848 DEBUG (BaseJdbcLogger.java:159)- ==>  Preparing: SELECT u.*,r.*,m.* FROM user u inner join user_role ur on ur.uid=u.uid inner join role r on r.rid=ur.rid inner join module_role mr on mr.rid=r.rid inner join module m on mr.mid=m.mid WHERE username=?; 
2017-09-19 11:29:35,848 DEBUG (BaseJdbcLogger.java:159)- ==> Parameters: admin(String)
2017-09-19 11:29:35,852 DEBUG (BaseJdbcLogger.java:159)- <==      Total: 4
